<?xml version="1.0" encoding="UTF-8"?>
<!-- Generated by org.testng.reporters.JUnitReportReporter -->
<testsuite skipped="0" hostname="HomePC" name="test.test.AppTest" tests="2" failures="0" timestamp="15 мая 2017 14:42:03 GMT" time="33.255" errors="0">
  <testcase name="test2" time="18.245" classname="test.test.AppTest"/>
  <testcase name="test1" time="15.010" classname="test.test.AppTest"/>
</testsuite> <!-- test.test.AppTest -->
